<?xml version="1.0" encoding="UTF-8"?>
<testng-results ignored="0" total="1" passed="1" failed="0" skipped="0">
  <reporter-output>
  </reporter-output>
  <suite started-at="2026-06-19T17:25:58 IST" name="Default suite" finished-at="2026-06-19T17:26:00 IST" duration-ms="2342">
    <groups>
    </groups>
    <test started-at="2026-06-19T17:25:58 IST" name="Default test" finished-at="2026-06-19T17:26:00 IST" duration-ms="2342">
      <class name="APIherokuapp.APIghorestjson">
        <test-method signature="jsonformat()[pri:1, instance:APIherokuapp.APIghorestjson@52b1beb6]" started-at="2026-06-19T17:25:58 IST" name="jsonformat" finished-at="2026-06-19T17:26:00 IST" duration-ms="2264" status="PASS">
          <reporter-output>
          </reporter-output>
        </test-method> <!-- jsonformat -->
      </class> <!-- APIherokuapp.APIghorestjson -->
    </test> <!-- Default test -->
  </suite> <!-- Default suite -->
</testng-results>
